Build started 31-08-2020 08:24:48 AM.
     1>Project "D:\Work\ramayana-rts\Ramayana\Ramayana.vcxproj" on node 2 (Rebuild target(s)).
       Project file contains ToolsVersion="12.0". This toolset may be unknown or missing, in which case you may be able to resolve this by installing the appropriate version of MSBuild, or the build may have been forced to a particular ToolsVersion for policy reasons. Treating the project as if it had ToolsVersion="4.0". For more information, please see http://go.microsoft.com/fwlink/?LinkId=291333.
     1>ClCompile:
         C:\Program Files (x86)\Microsoft Visual Studio 11.0\VC\bin\x86_amd64\CL.exe /c /I"C:\Program Files\opencv\build\include" /I"C:\Program Files\opencv\build\include\opencv" /I"C:\Program Files\opencv\build\include\opencv2" /Zi /nologo /W1 /WX- /sdl /Od /D WIN32 /D _WINDOWS /D _CRT_SECURE_NO_WARNINGS /D _UNICODE /D UNICODE /Gm /EHsc /RTC1 /MDd /GS /fp:precise /Zc:wchar_t /Zc:forScope /Yc"stdafx.h" /Fp"build\x64\Debug\Ramayana.debug.pch" /Fo"build\x64\Debug\\" /Fd"build\x64\Debug\vc110.pdb" /Gd /TP /analyze- /errorReport:prompt ai.cpp gltools\collada.cpp gltools\exception.cpp gltools\io.cpp gltools\framebuffer.cpp gltools\frustum.cpp gltools\gleffects.cpp gltools\glpremitive.cpp gltools\glprint.cpp gltools\glsupported.cpp gltools\gltransform.cpp gltools\graphics.cpp gltools\line.cpp gltools\lock.cpp gltools\math.cpp gltools\particle.cpp gltools\pathfinding.cpp gltools\point.cpp gltools\projectile.cpp gltools\random.cpp gltools\safearray.cpp gltools\shader.cpp gltools\string.cpp gltools\surface.cpp gltools\texture2d.cpp gltools\texture3d.cpp gltools\texturesprite2d.cpp gltools\vector.cpp gltools\wavefront.cpp logger.cpp sky.cpp steamStatsAndAchievements.cpp water.cpp world.cpp audio.cpp enums.cpp game.cpp game_query.cpp interface.cpp multiplayer.cpp team.cpp unit.cpp campaign.cpp game_audio.cpp game_command.cpp game_specialeffects.cpp game_render.cpp game_unitselection.cpp knowledgebase.cpp projectileweapon.cpp ramayana.cpp settings.cpp skirmish.cpp stdafx.cpp terrain.cpp unittype.cpp unit_query.cpp
         unit_query.cpp
         unittype.cpp
         terrain.cpp
         stdafx.cpp
         skirmish.cpp
         settings.cpp
         ramayana.cpp
         projectileweapon.cpp
         knowledgebase.cpp
         game_unitselection.cpp
         game_render.cpp
         game_specialeffects.cpp
         game_command.cpp
         game_audio.cpp
         campaign.cpp
         unit.cpp
         team.cpp
         multiplayer.cpp
         interface.cpp
         game_query.cpp
         game.cpp
         enums.cpp
         audio.cpp
         world.cpp
         water.cpp
         steamStatsAndAchievements.cpp
         sky.cpp
         logger.cpp
         wavefront.cpp
         vector.cpp
         texturesprite2d.cpp
         texture3d.cpp
         texture2d.cpp
         surface.cpp
         string.cpp
         shader.cpp
         safearray.cpp
         random.cpp
         projectile.cpp
         point.cpp
         pathfinding.cpp
         particle.cpp
         math.cpp
         lock.cpp
         line.cpp
         graphics.cpp
         gltransform.cpp
         glsupported.cpp
         glprint.cpp
         glpremitive.cpp
         gleffects.cpp
         frustum.cpp
         framebuffer.cpp
         io.cpp
         exception.cpp
         collada.cpp
         ai.cpp
       ResourceCompile:
         C:\Program Files (x86)\Windows Kits\8.0\bin\x86\rc.exe /D _UNICODE /D UNICODE /l"0x0409" /nologo /fo"build\x64\Debug\Ramayana.res" Ramayana.rc 
       Link:
         C:\Program Files (x86)\Microsoft Visual Studio 11.0\VC\bin\x86_amd64\link.exe /ERRORREPORT:PROMPT /OUT:"D:\Work\ramayana-rts\\Ramayana\win64\Ramayana.debug.exe" /INCREMENTAL /NOLOGO /LIBPATH:"lib\openvr-master\lib\win64" /LIBPATH:"lib\steamwork-sdk\redistributable_bin\win64" /LIBPATH:"lib\SDL2_net-2.0.0\lib\x64" /LIBPATH:lib\freeglut\lib\x64 /LIBPATH:"lib\opencv-2.4.9\x64\vc12\lib" /LIBPATH:"lib\SDL_mixer-1.2.12\lib\x64" /LIBPATH:"lib\SDL-1.2.15\lib\x64" /LIBPATH:"lib\glew-1.9.0\lib\x64" openvr_api.lib steam_api64.lib SDL2_net.lib glew32.lib freeglut.lib opengl32.lib glu32.lib SDL.lib SDLmain.lib SDL_mixer.lib opencv_calib3d249.lib opencv_contrib249.lib opencv_core249.lib opencv_features2d249.lib opencv_flann249.lib opencv_gpu249.lib opencv_highgui249.lib opencv_imgproc249.lib opencv_legacy249.lib opencv_ml249.lib opencv_nonfree249.lib opencv_objdetect249.lib opencv_ocl249.lib opencv_photo249.lib opencv_stitching249.lib opencv_superres249.lib opencv_ts249.lib opencv_video249.lib opencv_videostab249.lib kernel32.lib user32.lib gdi32.lib winspool.lib comdlg32.lib advapi32.lib shell32.lib ole32.lib oleaut32.lib uuid.lib odbc32.lib odbccp32.lib /MANIFEST /MANIFESTUAC:"level='asInvoker' uiAccess='false'" /manifest:embed /DEBUG /PDB:"D:\Work\ramayana-rts\\Ramayana\win64\Ramayana.debug.pdb" /SUBSYSTEM:WINDOWS /TLBID:1 /DYNAMICBASE /NXCOMPAT /IMPLIB:"D:\Work\ramayana-rts\\Ramayana\win64\Ramayana.debug.lib" /MACHINE:X64 build\x64\Debug\Ramayana.res
         build\x64\Debug\ai.obj
         build\x64\Debug\collada.obj
         build\x64\Debug\exception.obj
         build\x64\Debug\io.obj
         build\x64\Debug\framebuffer.obj
         build\x64\Debug\frustum.obj
         build\x64\Debug\gleffects.obj
         build\x64\Debug\glpremitive.obj
         build\x64\Debug\glprint.obj
         build\x64\Debug\glsupported.obj
         build\x64\Debug\gltransform.obj
         build\x64\Debug\graphics.obj
         build\x64\Debug\line.obj
         build\x64\Debug\lock.obj
         build\x64\Debug\math.obj
         build\x64\Debug\particle.obj
         build\x64\Debug\pathfinding.obj
         build\x64\Debug\point.obj
         build\x64\Debug\projectile.obj
         build\x64\Debug\random.obj
         build\x64\Debug\safearray.obj
         build\x64\Debug\shader.obj
         build\x64\Debug\string.obj
         build\x64\Debug\surface.obj
         build\x64\Debug\texture2d.obj
         build\x64\Debug\texture3d.obj
         build\x64\Debug\texturesprite2d.obj
         build\x64\Debug\vector.obj
         build\x64\Debug\wavefront.obj
         build\x64\Debug\logger.obj
         build\x64\Debug\sky.obj
         build\x64\Debug\steamStatsAndAchievements.obj
         build\x64\Debug\water.obj
         build\x64\Debug\world.obj
         build\x64\Debug\audio.obj
         build\x64\Debug\enums.obj
         build\x64\Debug\game.obj
         build\x64\Debug\game_query.obj
         build\x64\Debug\interface.obj
         build\x64\Debug\multiplayer.obj
         build\x64\Debug\team.obj
         build\x64\Debug\unit.obj
         build\x64\Debug\campaign.obj
         build\x64\Debug\game_audio.obj
         build\x64\Debug\game_command.obj
         build\x64\Debug\game_specialeffects.obj
         build\x64\Debug\game_render.obj
         build\x64\Debug\game_unitselection.obj
         build\x64\Debug\knowledgebase.obj
         build\x64\Debug\projectileweapon.obj
         build\x64\Debug\ramayana.obj
         build\x64\Debug\settings.obj
         build\x64\Debug\skirmish.obj
         build\x64\Debug\stdafx.obj
         build\x64\Debug\terrain.obj
         build\x64\Debug\unittype.obj
         build\x64\Debug\unit_query.obj
     1>MSVCRTD.lib(cinitexe.obj) : warning LNK4098: defaultlib 'msvcrt.lib' conflicts with use of other libs; use /NODEFAULTLIB:library
         Ramayana.vcxproj -> D:\Work\ramayana-rts\\Ramayana\win64\Ramayana.debug.exe
     1>Done Building Project "D:\Work\ramayana-rts\Ramayana\Ramayana.vcxproj" (Rebuild target(s)).

Build succeeded.

Time Elapsed 00:00:24.99
