Build started 31-08-2020 08:22:39 AM.
     1>Project "D:\Work\ramayana-rts\Ramayana\Ramayana.vcxproj" on node 2 (Rebuild target(s)).
       Project file contains ToolsVersion="12.0". This toolset may be unknown or missing, in which case you may be able to resolve this by installing the appropriate version of MSBuild, or the build may have been forced to a particular ToolsVersion for policy reasons. Treating the project as if it had ToolsVersion="4.0". For more information, please see http://go.microsoft.com/fwlink/?LinkId=291333.
     1>ClCompile:
         C:\Program Files (x86)\Microsoft Visual Studio 11.0\VC\bin\CL.exe /c /ZI /nologo /W1 /WX- /sdl /Od /Oy- /D WIN32 /D _DEBUG /D _WINDOWS /D _CRT_SECURE_NO_WARNINGS /D _UNICODE /D UNICODE /Gm /EHsc /RTC1 /MDd /GS /fp:precise /Zc:wchar_t /Zc:forScope /Yc"stdafx.h" /Fp"build\Win32\Debug\Ramayana.Win32.debug.pch" /Fo"build\Win32\Debug\\" /Fd"build\Win32\Debug\vc110.pdb" /Gd /TP /analyze- /errorReport:prompt stdafx.cpp
         stdafx.cpp
         C:\Program Files (x86)\Microsoft Visual Studio 11.0\VC\bin\CL.exe /c /ZI /nologo /W1 /WX- /sdl /Od /Oy- /D WIN32 /D _DEBUG /D _WINDOWS /D _CRT_SECURE_NO_WARNINGS /D _UNICODE /D UNICODE /Gm /EHsc /RTC1 /MDd /GS /fp:precise /Zc:wchar_t /Zc:forScope /Yu"stdafx.h" /Fp"build\Win32\Debug\Ramayana.Win32.debug.pch" /Fo"build\Win32\Debug\\" /Fd"build\Win32\Debug\vc110.pdb" /Gd /TP /analyze- /errorReport:prompt ai.cpp gltools\collada.cpp gltools\exception.cpp gltools\io.cpp gltools\framebuffer.cpp gltools\frustum.cpp gltools\gleffects.cpp gltools\glpremitive.cpp gltools\glprint.cpp gltools\glsupported.cpp gltools\gltransform.cpp gltools\graphics.cpp gltools\line.cpp gltools\lock.cpp gltools\math.cpp gltools\particle.cpp gltools\pathfinding.cpp gltools\point.cpp gltools\projectile.cpp gltools\random.cpp gltools\safearray.cpp gltools\shader.cpp gltools\string.cpp gltools\surface.cpp gltools\texture2d.cpp gltools\texture3d.cpp gltools\texturesprite2d.cpp gltools\vector.cpp gltools\wavefront.cpp logger.cpp sky.cpp steamStatsAndAchievements.cpp water.cpp world.cpp audio.cpp enums.cpp game.cpp game_query.cpp interface.cpp multiplayer.cpp team.cpp unit.cpp campaign.cpp game_audio.cpp game_command.cpp game_specialeffects.cpp game_render.cpp game_unitselection.cpp knowledgebase.cpp projectileweapon.cpp ramayana.cpp settings.cpp skirmish.cpp terrain.cpp unittype.cpp unit_query.cpp
         unit_query.cpp
         unittype.cpp
         terrain.cpp
         skirmish.cpp
         settings.cpp
         ramayana.cpp
         projectileweapon.cpp
         knowledgebase.cpp
         game_unitselection.cpp
         game_render.cpp
         game_specialeffects.cpp
         game_command.cpp
         game_audio.cpp
         campaign.cpp
         unit.cpp
         team.cpp
         multiplayer.cpp
         interface.cpp
         game_query.cpp
         game.cpp
         Generating Code...
         Compiling...
         enums.cpp
         audio.cpp
         world.cpp
         water.cpp
         steamStatsAndAchievements.cpp
         sky.cpp
         logger.cpp
         wavefront.cpp
         vector.cpp
         texturesprite2d.cpp
         texture3d.cpp
         texture2d.cpp
         surface.cpp
         string.cpp
         shader.cpp
         safearray.cpp
         random.cpp
         projectile.cpp
         point.cpp
         pathfinding.cpp
         Generating Code...
         Compiling...
         particle.cpp
         math.cpp
         lock.cpp
         line.cpp
         graphics.cpp
         gltransform.cpp
         glsupported.cpp
         glprint.cpp
         glpremitive.cpp
         gleffects.cpp
         frustum.cpp
         framebuffer.cpp
         io.cpp
         exception.cpp
         collada.cpp
         ai.cpp
         Generating Code...
       ResourceCompile:
         C:\Program Files (x86)\Windows Kits\8.0\bin\x86\rc.exe /D _UNICODE /D UNICODE /l"0x0409" /nologo /fo"build\Win32\Debug\Ramayana.res" Ramayana.rc 
       Link:
         C:\Program Files (x86)\Microsoft Visual Studio 11.0\VC\bin\link.exe /ERRORREPORT:PROMPT /OUT:"D:\Work\ramayana-rts\\Ramayana\Ramayana.Win32.debug.exe" /INCREMENTAL /NOLOGO /LIBPATH:lib\freeglut\lib\x86 /LIBPATH:"lib\opencv-2.4.9\x86\vc12\lib" /LIBPATH:"lib\SDL_mixer-1.2.12\lib\x86" /LIBPATH:"lib\SDL-1.2.15\lib\x86" /LIBPATH:"lib\glew-1.9.0\lib\x86" /LIBPATH:"lib\steamwork-sdk\redistributable_bin" glew32.lib SDL.lib SDLmain.lib SDL_mixer.lib opencv_calib3d249d.lib opencv_contrib249d.lib opencv_core249d.lib opencv_features2d249d.lib opencv_flann249d.lib opencv_gpu249d.lib opencv_highgui249d.lib opencv_imgproc249d.lib opencv_legacy249d.lib opencv_ml249d.lib opencv_nonfree249d.lib opencv_objdetect249d.lib opencv_ocl249d.lib opencv_photo249d.lib opencv_stitching249d.lib opencv_superres249d.lib opencv_ts249d.lib opencv_video249d.lib opencv_videostab249d.lib steam_api.lib kernel32.lib user32.lib gdi32.lib winspool.lib comdlg32.lib advapi32.lib shell32.lib ole32.lib oleaut32.lib uuid.lib odbc32.lib odbccp32.lib /MANIFEST /MANIFESTUAC:"level='asInvoker' uiAccess='false'" /manifest:embed /DEBUG /PDB:"D:\Work\ramayana-rts\\Ramayana\Ramayana.Win32.debug.pdb" /SUBSYSTEM:WINDOWS /TLBID:1 /DYNAMICBASE /NXCOMPAT /IMPLIB:"D:\Work\ramayana-rts\\Ramayana\Ramayana.Win32.debug.lib" /MACHINE:X86 build\Win32\Debug\Ramayana.res
         build\Win32\Debug\ai.obj
         build\Win32\Debug\collada.obj
         build\Win32\Debug\exception.obj
         build\Win32\Debug\io.obj
         build\Win32\Debug\framebuffer.obj
         build\Win32\Debug\frustum.obj
         build\Win32\Debug\gleffects.obj
         build\Win32\Debug\glpremitive.obj
         build\Win32\Debug\glprint.obj
         build\Win32\Debug\glsupported.obj
         build\Win32\Debug\gltransform.obj
         build\Win32\Debug\graphics.obj
         build\Win32\Debug\line.obj
         build\Win32\Debug\lock.obj
         build\Win32\Debug\math.obj
         build\Win32\Debug\particle.obj
         build\Win32\Debug\pathfinding.obj
         build\Win32\Debug\point.obj
         build\Win32\Debug\projectile.obj
         build\Win32\Debug\random.obj
         build\Win32\Debug\safearray.obj
         build\Win32\Debug\shader.obj
         build\Win32\Debug\string.obj
         build\Win32\Debug\surface.obj
         build\Win32\Debug\texture2d.obj
         build\Win32\Debug\texture3d.obj
         build\Win32\Debug\texturesprite2d.obj
         build\Win32\Debug\vector.obj
         build\Win32\Debug\wavefront.obj
         build\Win32\Debug\logger.obj
         build\Win32\Debug\sky.obj
         build\Win32\Debug\steamStatsAndAchievements.obj
         build\Win32\Debug\water.obj
         build\Win32\Debug\world.obj
         build\Win32\Debug\audio.obj
         build\Win32\Debug\enums.obj
         build\Win32\Debug\game.obj
         build\Win32\Debug\game_query.obj
         build\Win32\Debug\interface.obj
         build\Win32\Debug\multiplayer.obj
         build\Win32\Debug\team.obj
         build\Win32\Debug\unit.obj
         build\Win32\Debug\campaign.obj
         build\Win32\Debug\game_audio.obj
         build\Win32\Debug\game_command.obj
         build\Win32\Debug\game_specialeffects.obj
         build\Win32\Debug\game_render.obj
         build\Win32\Debug\game_unitselection.obj
         build\Win32\Debug\knowledgebase.obj
         build\Win32\Debug\projectileweapon.obj
         build\Win32\Debug\ramayana.obj
         build\Win32\Debug\settings.obj
         build\Win32\Debug\skirmish.obj
         build\Win32\Debug\stdafx.obj
         build\Win32\Debug\terrain.obj
         build\Win32\Debug\unittype.obj
         build\Win32\Debug\unit_query.obj
     1>MSVCRTD.lib(cinitexe.obj) : warning LNK4098: defaultlib 'msvcrt.lib' conflicts with use of other libs; use /NODEFAULTLIB:library
         Ramayana.vcxproj -> D:\Work\ramayana-rts\\Ramayana\Ramayana.Win32.debug.exe
     1>Done Building Project "D:\Work\ramayana-rts\Ramayana\Ramayana.vcxproj" (Rebuild target(s)).

Build succeeded.

Time Elapsed 00:00:10.43
