D:\WORK\RAMAYANA-RTS\RAMAYANA\BUILD\WIN32\DEBUG\RAMAYANA.WIN32.DEBUG.PCH
D:\WORK\RAMAYANA-RTS\RAMAYANA\BUILD\WIN32\DEBUG\STDAFX.OBJ
D:\WORK\RAMAYANA-RTS\RAMAYANA\BUILD\WIN32\DEBUG\VC110.PDB
D:\WORK\RAMAYANA-RTS\RAMAYANA\BUILD\WIN32\DEBUG\GAME.OBJ
D:\WORK\RAMAYANA-RTS\RAMAYANA\BUILD\WIN32\DEBUG\GAME_QUERY.OBJ
D:\WORK\RAMAYANA-RTS\RAMAYANA\BUILD\WIN32\DEBUG\INTERFACE.OBJ
D:\WORK\RAMAYANA-RTS\RAMAYANA\BUILD\WIN32\DEBUG\MULTIPLAYER.OBJ
D:\WORK\RAMAYANA-RTS\RAMAYANA\BUILD\WIN32\DEBUG\TEAM.OBJ
D:\WORK\RAMAYANA-RTS\RAMAYANA\BUILD\WIN32\DEBUG\UNIT.OBJ
D:\WORK\RAMAYANA-RTS\RAMAYANA\BUILD\WIN32\DEBUG\CAMPAIGN.OBJ
D:\WORK\RAMAYANA-RTS\RAMAYANA\BUILD\WIN32\DEBUG\GAME_AUDIO.OBJ
D:\WORK\RAMAYANA-RTS\RAMAYANA\BUILD\WIN32\DEBUG\GAME_COMMAND.OBJ
D:\WORK\RAMAYANA-RTS\RAMAYANA\BUILD\WIN32\DEBUG\GAME_SPECIALEFFECTS.OBJ
D:\WORK\RAMAYANA-RTS\RAMAYANA\BUILD\WIN32\DEBUG\GAME_RENDER.OBJ
D:\WORK\RAMAYANA-RTS\RAMAYANA\BUILD\WIN32\DEBUG\GAME_UNITSELECTION.OBJ
D:\WORK\RAMAYANA-RTS\RAMAYANA\BUILD\WIN32\DEBUG\KNOWLEDGEBASE.OBJ
D:\WORK\RAMAYANA-RTS\RAMAYANA\BUILD\WIN32\DEBUG\PROJECTILEWEAPON.OBJ
D:\WORK\RAMAYANA-RTS\RAMAYANA\BUILD\WIN32\DEBUG\RAMAYANA.OBJ
D:\WORK\RAMAYANA-RTS\RAMAYANA\BUILD\WIN32\DEBUG\SETTINGS.OBJ
D:\WORK\RAMAYANA-RTS\RAMAYANA\BUILD\WIN32\DEBUG\SKIRMISH.OBJ
D:\WORK\RAMAYANA-RTS\RAMAYANA\BUILD\WIN32\DEBUG\TERRAIN.OBJ
D:\WORK\RAMAYANA-RTS\RAMAYANA\BUILD\WIN32\DEBUG\UNITTYPE.OBJ
D:\WORK\RAMAYANA-RTS\RAMAYANA\BUILD\WIN32\DEBUG\UNIT_QUERY.OBJ
D:\WORK\RAMAYANA-RTS\RAMAYANA\BUILD\WIN32\DEBUG\PATHFINDING.OBJ
D:\WORK\RAMAYANA-RTS\RAMAYANA\BUILD\WIN32\DEBUG\POINT.OBJ
D:\WORK\RAMAYANA-RTS\RAMAYANA\BUILD\WIN32\DEBUG\PROJECTILE.OBJ
D:\WORK\RAMAYANA-RTS\RAMAYANA\BUILD\WIN32\DEBUG\RANDOM.OBJ
D:\WORK\RAMAYANA-RTS\RAMAYANA\BUILD\WIN32\DEBUG\SAFEARRAY.OBJ
D:\WORK\RAMAYANA-RTS\RAMAYANA\BUILD\WIN32\DEBUG\SHADER.OBJ
D:\WORK\RAMAYANA-RTS\RAMAYANA\BUILD\WIN32\DEBUG\STRING.OBJ
D:\WORK\RAMAYANA-RTS\RAMAYANA\BUILD\WIN32\DEBUG\SURFACE.OBJ
D:\WORK\RAMAYANA-RTS\RAMAYANA\BUILD\WIN32\DEBUG\TEXTURE2D.OBJ
D:\WORK\RAMAYANA-RTS\RAMAYANA\BUILD\WIN32\DEBUG\TEXTURE3D.OBJ
D:\WORK\RAMAYANA-RTS\RAMAYANA\BUILD\WIN32\DEBUG\TEXTURESPRITE2D.OBJ
D:\WORK\RAMAYANA-RTS\RAMAYANA\BUILD\WIN32\DEBUG\VECTOR.OBJ
D:\WORK\RAMAYANA-RTS\RAMAYANA\BUILD\WIN32\DEBUG\WAVEFRONT.OBJ
D:\WORK\RAMAYANA-RTS\RAMAYANA\BUILD\WIN32\DEBUG\LOGGER.OBJ
D:\WORK\RAMAYANA-RTS\RAMAYANA\BUILD\WIN32\DEBUG\SKY.OBJ
D:\WORK\RAMAYANA-RTS\RAMAYANA\BUILD\WIN32\DEBUG\STEAMSTATSANDACHIEVEMENTS.OBJ
D:\WORK\RAMAYANA-RTS\RAMAYANA\BUILD\WIN32\DEBUG\WATER.OBJ
D:\WORK\RAMAYANA-RTS\RAMAYANA\BUILD\WIN32\DEBUG\WORLD.OBJ
D:\WORK\RAMAYANA-RTS\RAMAYANA\BUILD\WIN32\DEBUG\AUDIO.OBJ
D:\WORK\RAMAYANA-RTS\RAMAYANA\BUILD\WIN32\DEBUG\ENUMS.OBJ
D:\WORK\RAMAYANA-RTS\RAMAYANA\BUILD\WIN32\DEBUG\AI.OBJ
D:\WORK\RAMAYANA-RTS\RAMAYANA\BUILD\WIN32\DEBUG\COLLADA.OBJ
D:\WORK\RAMAYANA-RTS\RAMAYANA\BUILD\WIN32\DEBUG\EXCEPTION.OBJ
D:\WORK\RAMAYANA-RTS\RAMAYANA\BUILD\WIN32\DEBUG\IO.OBJ
D:\WORK\RAMAYANA-RTS\RAMAYANA\BUILD\WIN32\DEBUG\FRAMEBUFFER.OBJ
D:\WORK\RAMAYANA-RTS\RAMAYANA\BUILD\WIN32\DEBUG\FRUSTUM.OBJ
D:\WORK\RAMAYANA-RTS\RAMAYANA\BUILD\WIN32\DEBUG\GLEFFECTS.OBJ
D:\WORK\RAMAYANA-RTS\RAMAYANA\BUILD\WIN32\DEBUG\GLPREMITIVE.OBJ
D:\WORK\RAMAYANA-RTS\RAMAYANA\BUILD\WIN32\DEBUG\GLPRINT.OBJ
D:\WORK\RAMAYANA-RTS\RAMAYANA\BUILD\WIN32\DEBUG\GLSUPPORTED.OBJ
D:\WORK\RAMAYANA-RTS\RAMAYANA\BUILD\WIN32\DEBUG\GLTRANSFORM.OBJ
D:\WORK\RAMAYANA-RTS\RAMAYANA\BUILD\WIN32\DEBUG\GRAPHICS.OBJ
D:\WORK\RAMAYANA-RTS\RAMAYANA\BUILD\WIN32\DEBUG\LINE.OBJ
D:\WORK\RAMAYANA-RTS\RAMAYANA\BUILD\WIN32\DEBUG\LOCK.OBJ
D:\WORK\RAMAYANA-RTS\RAMAYANA\BUILD\WIN32\DEBUG\MATH.OBJ
D:\WORK\RAMAYANA-RTS\RAMAYANA\BUILD\WIN32\DEBUG\PARTICLE.OBJ
D:\WORK\RAMAYANA-RTS\RAMAYANA\RAMAYANA.WIN32.DEBUG.ILK
D:\WORK\RAMAYANA-RTS\RAMAYANA\RAMAYANA.WIN32.DEBUG.EXE
D:\WORK\RAMAYANA-RTS\RAMAYANA\RAMAYANA.WIN32.DEBUG.PDB
D:\WORK\RAMAYANA-RTS\RAMAYANA\BUILD\WIN32\DEBUG\RAMAYANA.RES
D:\Work\ramayana-rts\Ramayana\build\Win32\Debug\ai.obj
D:\Work\ramayana-rts\Ramayana\build\Win32\Debug\audio.obj
D:\Work\ramayana-rts\Ramayana\build\Win32\Debug\campaign.obj
D:\Work\ramayana-rts\Ramayana\build\Win32\Debug\collada.obj
D:\Work\ramayana-rts\Ramayana\build\Win32\Debug\enums.obj
D:\Work\ramayana-rts\Ramayana\build\Win32\Debug\exception.obj
D:\Work\ramayana-rts\Ramayana\build\Win32\Debug\framebuffer.obj
D:\Work\ramayana-rts\Ramayana\build\Win32\Debug\frustum.obj
D:\Work\ramayana-rts\Ramayana\build\Win32\Debug\game.obj
D:\Work\ramayana-rts\Ramayana\build\Win32\Debug\game_audio.obj
D:\Work\ramayana-rts\Ramayana\build\Win32\Debug\game_command.obj
D:\Work\ramayana-rts\Ramayana\build\Win32\Debug\game_query.obj
D:\Work\ramayana-rts\Ramayana\build\Win32\Debug\game_render.obj
D:\Work\ramayana-rts\Ramayana\build\Win32\Debug\game_specialeffects.obj
D:\Work\ramayana-rts\Ramayana\build\Win32\Debug\game_unitselection.obj
D:\Work\ramayana-rts\Ramayana\build\Win32\Debug\gleffects.obj
D:\Work\ramayana-rts\Ramayana\build\Win32\Debug\glpremitive.obj
D:\Work\ramayana-rts\Ramayana\build\Win32\Debug\glprint.obj
D:\Work\ramayana-rts\Ramayana\build\Win32\Debug\glsupported.obj
D:\Work\ramayana-rts\Ramayana\build\Win32\Debug\gltransform.obj
D:\Work\ramayana-rts\Ramayana\build\Win32\Debug\graphics.obj
D:\Work\ramayana-rts\Ramayana\build\Win32\Debug\interface.obj
D:\Work\ramayana-rts\Ramayana\build\Win32\Debug\io.obj
D:\Work\ramayana-rts\Ramayana\build\Win32\Debug\knowledgebase.obj
D:\Work\ramayana-rts\Ramayana\build\Win32\Debug\line.obj
D:\Work\ramayana-rts\Ramayana\build\Win32\Debug\lock.obj
D:\Work\ramayana-rts\Ramayana\build\Win32\Debug\logger.obj
D:\Work\ramayana-rts\Ramayana\build\Win32\Debug\math.obj
D:\Work\ramayana-rts\Ramayana\build\Win32\Debug\multiplayer.obj
D:\Work\ramayana-rts\Ramayana\build\Win32\Debug\particle.obj
D:\Work\ramayana-rts\Ramayana\build\Win32\Debug\pathfinding.obj
D:\Work\ramayana-rts\Ramayana\build\Win32\Debug\point.obj
D:\Work\ramayana-rts\Ramayana\build\Win32\Debug\projectile.obj
D:\Work\ramayana-rts\Ramayana\build\Win32\Debug\projectileweapon.obj
D:\Work\ramayana-rts\Ramayana\build\Win32\Debug\ramayana.obj
D:\Work\ramayana-rts\Ramayana\build\Win32\Debug\random.obj
D:\Work\ramayana-rts\Ramayana\build\Win32\Debug\safearray.obj
D:\Work\ramayana-rts\Ramayana\build\Win32\Debug\settings.obj
D:\Work\ramayana-rts\Ramayana\build\Win32\Debug\shader.obj
D:\Work\ramayana-rts\Ramayana\build\Win32\Debug\skirmish.obj
D:\Work\ramayana-rts\Ramayana\build\Win32\Debug\sky.obj
D:\Work\ramayana-rts\Ramayana\build\Win32\Debug\stdafx.obj
D:\Work\ramayana-rts\Ramayana\build\Win32\Debug\steamStatsAndAchievements.obj
D:\Work\ramayana-rts\Ramayana\build\Win32\Debug\string.obj
D:\Work\ramayana-rts\Ramayana\build\Win32\Debug\surface.obj
D:\Work\ramayana-rts\Ramayana\build\Win32\Debug\team.obj
D:\Work\ramayana-rts\Ramayana\build\Win32\Debug\terrain.obj
D:\Work\ramayana-rts\Ramayana\build\Win32\Debug\texture2d.obj
D:\Work\ramayana-rts\Ramayana\build\Win32\Debug\texture3d.obj
D:\Work\ramayana-rts\Ramayana\build\Win32\Debug\texturesprite2d.obj
D:\Work\ramayana-rts\Ramayana\build\Win32\Debug\unit.obj
D:\Work\ramayana-rts\Ramayana\build\Win32\Debug\unittype.obj
D:\Work\ramayana-rts\Ramayana\build\Win32\Debug\unit_query.obj
D:\Work\ramayana-rts\Ramayana\build\Win32\Debug\vector.obj
D:\Work\ramayana-rts\Ramayana\build\Win32\Debug\water.obj
D:\Work\ramayana-rts\Ramayana\build\Win32\Debug\wavefront.obj
D:\Work\ramayana-rts\Ramayana\build\Win32\Debug\world.obj
D:\Work\ramayana-rts\Ramayana\build\Win32\Debug\cl.command.1.tlog
D:\Work\ramayana-rts\Ramayana\build\Win32\Debug\CL.read.1.tlog
D:\Work\ramayana-rts\Ramayana\build\Win32\Debug\CL.write.1.tlog
D:\Work\ramayana-rts\Ramayana\build\Win32\Debug\link-cvtres.read.1.tlog
D:\Work\ramayana-rts\Ramayana\build\Win32\Debug\link-cvtres.write.1.tlog
D:\Work\ramayana-rts\Ramayana\build\Win32\Debug\link-rc.read.1.tlog
D:\Work\ramayana-rts\Ramayana\build\Win32\Debug\link-rc.write.1.tlog
D:\Work\ramayana-rts\Ramayana\build\Win32\Debug\link.command.1.tlog
D:\Work\ramayana-rts\Ramayana\build\Win32\Debug\link.read.1.tlog
D:\Work\ramayana-rts\Ramayana\build\Win32\Debug\link.write.1.tlog
D:\Work\ramayana-rts\Ramayana\build\Win32\Debug\rc.command.1.tlog
D:\Work\ramayana-rts\Ramayana\build\Win32\Debug\rc.read.1.tlog
D:\Work\ramayana-rts\Ramayana\build\Win32\Debug\rc.write.1.tlog
D:\Work\ramayana-rts\Ramayana\build\Win32\Debug\Ramayana.res
D:\Work\ramayana-rts\Ramayana\build\Win32\Debug\Ramayana.Win32.debug.pch
D:\Work\ramayana-rts\Ramayana\build\Win32\Debug\vc110.idb
D:\Work\ramayana-rts\Ramayana\build\Win32\Debug\vc110.pdb
D:\Work\ramayana-rts\\Ramayana\Ramayana.Win32.debug.pdb
D:\Work\ramayana-rts\\Ramayana\Ramayana.Win32.debug.exe
D:\Work\ramayana-rts\\Ramayana\Ramayana.Win32.debug.ilk
