z:\personal\works\ramayana\source\ramayana\build\x64\release\ramayana.pch
z:\personal\works\ramayana\source\ramayana\build\x64\release\vc120.pdb
z:\personal\works\ramayana\source\ramayana\build\x64\release\stdafx.obj
z:\personal\works\ramayana\source\ramayana\build\x64\release\random.obj
z:\personal\works\ramayana\source\ramayana\build\x64\release\projectile.obj
z:\personal\works\ramayana\source\ramayana\build\x64\release\point.obj
z:\personal\works\ramayana\source\ramayana\build\x64\release\pathfinding.obj
z:\personal\works\ramayana\source\ramayana\build\x64\release\particle.obj
z:\personal\works\ramayana\source\ramayana\build\x64\release\math.obj
z:\personal\works\ramayana\source\ramayana\build\x64\release\lock.obj
z:\personal\works\ramayana\source\ramayana\build\x64\release\line.obj
z:\personal\works\ramayana\source\ramayana\build\x64\release\graphics.obj
z:\personal\works\ramayana\source\ramayana\build\x64\release\gltransform.obj
z:\personal\works\ramayana\source\ramayana\build\x64\release\glsupported.obj
z:\personal\works\ramayana\source\ramayana\build\x64\release\glprint.obj
z:\personal\works\ramayana\source\ramayana\build\x64\release\glpremitive.obj
z:\personal\works\ramayana\source\ramayana\build\x64\release\gleffects.obj
z:\personal\works\ramayana\source\ramayana\build\x64\release\frustum.obj
z:\personal\works\ramayana\source\ramayana\build\x64\release\framebuffer.obj
z:\personal\works\ramayana\source\ramayana\build\x64\release\io.obj
z:\personal\works\ramayana\source\ramayana\build\x64\release\exception.obj
z:\personal\works\ramayana\source\ramayana\build\x64\release\collada.obj
z:\personal\works\ramayana\source\ramayana\build\x64\release\ai.obj
z:\personal\works\ramayana\source\ramayana\build\x64\release\multiplayer.obj
z:\personal\works\ramayana\source\ramayana\build\x64\release\interface.obj
z:\personal\works\ramayana\source\ramayana\build\x64\release\game_query.obj
z:\personal\works\ramayana\source\ramayana\build\x64\release\game.obj
z:\personal\works\ramayana\source\ramayana\build\x64\release\enums.obj
z:\personal\works\ramayana\source\ramayana\build\x64\release\audio.obj
z:\personal\works\ramayana\source\ramayana\build\x64\release\world.obj
z:\personal\works\ramayana\source\ramayana\build\x64\release\water.obj
z:\personal\works\ramayana\source\ramayana\build\x64\release\steamstatsandachievements.obj
z:\personal\works\ramayana\source\ramayana\build\x64\release\sky.obj
z:\personal\works\ramayana\source\ramayana\build\x64\release\logger.obj
z:\personal\works\ramayana\source\ramayana\build\x64\release\wavefront.obj
z:\personal\works\ramayana\source\ramayana\build\x64\release\vector.obj
z:\personal\works\ramayana\source\ramayana\build\x64\release\texturesprite2d.obj
z:\personal\works\ramayana\source\ramayana\build\x64\release\texture3d.obj
z:\personal\works\ramayana\source\ramayana\build\x64\release\texture2d.obj
z:\personal\works\ramayana\source\ramayana\build\x64\release\surface.obj
z:\personal\works\ramayana\source\ramayana\build\x64\release\string.obj
z:\personal\works\ramayana\source\ramayana\build\x64\release\shader.obj
z:\personal\works\ramayana\source\ramayana\build\x64\release\safearray.obj
z:\personal\works\ramayana\source\ramayana\build\x64\release\unit_query.obj
z:\personal\works\ramayana\source\ramayana\build\x64\release\unittype.obj
z:\personal\works\ramayana\source\ramayana\build\x64\release\terrain.obj
z:\personal\works\ramayana\source\ramayana\build\x64\release\skirmish.obj
z:\personal\works\ramayana\source\ramayana\build\x64\release\settings.obj
z:\personal\works\ramayana\source\ramayana\build\x64\release\ramayana.obj
z:\personal\works\ramayana\source\ramayana\build\x64\release\projectileweapon.obj
z:\personal\works\ramayana\source\ramayana\build\x64\release\knowledgebase.obj
z:\personal\works\ramayana\source\ramayana\build\x64\release\game_unitselection.obj
z:\personal\works\ramayana\source\ramayana\build\x64\release\game_render.obj
z:\personal\works\ramayana\source\ramayana\build\x64\release\game_specialeffects.obj
z:\personal\works\ramayana\source\ramayana\build\x64\release\game_command.obj
z:\personal\works\ramayana\source\ramayana\build\x64\release\game_audio.obj
z:\personal\works\ramayana\source\ramayana\build\x64\release\campaign.obj
z:\personal\works\ramayana\source\ramayana\build\x64\release\unit.obj
z:\personal\works\ramayana\source\ramayana\build\x64\release\team.obj
z:\personal\works\ramayana\source\ramayana\win64\ramayana.exe
z:\personal\works\ramayana\source\ramayana\win64\ramayana.pdb
z:\personal\works\ramayana\source\ramayana\build\x64\release\ramayana.res
z:\personal\works\ramayana\source\\ramayana\win64\ramayana.pdb
z:\personal\works\ramayana\source\\ramayana\win64\ramayana.exe
z:\personal\works\ramayana\source\ramayana\build\x64\release\ramayana.tlog\cl.command.1.tlog
z:\personal\works\ramayana\source\ramayana\build\x64\release\ramayana.tlog\cl.read.1.tlog
z:\personal\works\ramayana\source\ramayana\build\x64\release\ramayana.tlog\cl.write.1.tlog
z:\personal\works\ramayana\source\ramayana\build\x64\release\ramayana.tlog\link.command.1.tlog
z:\personal\works\ramayana\source\ramayana\build\x64\release\ramayana.tlog\link.read.1.tlog
z:\personal\works\ramayana\source\ramayana\build\x64\release\ramayana.tlog\link.write.1.tlog
z:\personal\works\ramayana\source\ramayana\build\x64\release\ramayana.tlog\rc.command.1.tlog
z:\personal\works\ramayana\source\ramayana\build\x64\release\ramayana.tlog\rc.read.1.tlog
z:\personal\works\ramayana\source\ramayana\build\x64\release\ramayana.tlog\rc.write.1.tlog
