Build started 7/18/2015 4:47:45 PM.
     1>Project "Z:\Personal\Works\Ramayana\Source\Ramayana\Ramayana.vcxproj" on node 2 (Build target(s)).
     1>ClCompile:
         C:\Program Files (x86)\Microsoft Visual Studio 12.0\VC\bin\x86_amd64\CL.exe /c /I"C:\Program Files (x86)\Windows Kits\8.0\Include\um\sdl" /Zi /nologo /W1 /WX- /sdl /O2 /Oi /GL /D WIN32 /D _WINDOWS /D _CRT_SECURE_NO_WARNINGS /D _UNICODE /D UNICODE /Gm- /EHsc /MD /GS /Gy /fp:precise /Zc:wchar_t /Zc:forScope /Yu"stdafx.h" /Fp"build\x64\Release\Ramayana.pch" /Fo"build\x64\Release\\" /Fd"build\x64\Release\vc120.pdb" /Gd /TP /errorReport:prompt unit.cpp
         unit.cpp
       Link:
         C:\Program Files (x86)\Microsoft Visual Studio 12.0\VC\bin\x86_amd64\link.exe /ERRORREPORT:PROMPT /OUT:"Z:\Personal\Works\Ramayana\Source\\Ramayana\win64\Ramayana.exe" /INCREMENTAL:NO /NOLOGO /LIBPATH:"lib\openvr-master\lib\win64" /LIBPATH:"lib\steamwork-sdk\redistributable_bin\win64" /LIBPATH:"lib\SDL2_net-2.0.0\lib\x64" /LIBPATH:lib\freeglut\lib\x64 /LIBPATH:"lib\opencv-2.4.9\x64\vc12\lib" /LIBPATH:"lib\SDL_mixer-1.2.12\lib\x64" /LIBPATH:"lib\SDL-1.2.15\lib\x64" /LIBPATH:"lib\glew-1.9.0\lib\x64" openvr_api.lib steam_api64.lib SDL2_net.lib glew32.lib freeglut.lib opengl32.lib glu32.lib SDL.lib SDLmain.lib SDL_mixer.lib opencv_calib3d249.lib opencv_contrib249.lib opencv_core249.lib opencv_features2d249.lib opencv_flann249.lib opencv_gpu249.lib opencv_highgui249.lib opencv_imgproc249.lib opencv_legacy249.lib opencv_ml249.lib opencv_nonfree249.lib opencv_objdetect249.lib opencv_ocl249.lib opencv_photo249.lib opencv_stitching249.lib opencv_superres249.lib opencv_ts249.lib opencv_video249.lib opencv_videostab249.lib kernel32.lib user32.lib gdi32.lib winspool.lib comdlg32.lib advapi32.lib shell32.lib ole32.lib oleaut32.lib uuid.lib odbc32.lib odbccp32.lib /MANIFEST /MANIFESTUAC:"level='asInvoker' uiAccess='false'" /manifest:embed /DEBUG /PDB:"Z:\Personal\Works\Ramayana\Source\\Ramayana\win64\Ramayana.pdb" /SUBSYSTEM:WINDOWS /OPT:REF /OPT:ICF /LTCG /TLBID:1 /DYNAMICBASE /NXCOMPAT /IMPLIB:"Z:\Personal\Works\Ramayana\Source\\Ramayana\win64\Ramayana.lib" /MACHINE:X64 build\x64\Release\Ramayana.res
         build\x64\Release\ai.obj
         build\x64\Release\collada.obj
         build\x64\Release\exception.obj
         build\x64\Release\io.obj
         build\x64\Release\framebuffer.obj
         build\x64\Release\frustum.obj
         build\x64\Release\gleffects.obj
         build\x64\Release\glpremitive.obj
         build\x64\Release\glprint.obj
         build\x64\Release\glsupported.obj
         build\x64\Release\gltransform.obj
         build\x64\Release\graphics.obj
         build\x64\Release\line.obj
         build\x64\Release\lock.obj
         build\x64\Release\math.obj
         build\x64\Release\particle.obj
         build\x64\Release\pathfinding.obj
         build\x64\Release\point.obj
         build\x64\Release\projectile.obj
         build\x64\Release\random.obj
         build\x64\Release\safearray.obj
         build\x64\Release\shader.obj
         build\x64\Release\string.obj
         build\x64\Release\surface.obj
         build\x64\Release\texture2d.obj
         build\x64\Release\texture3d.obj
         build\x64\Release\texturesprite2d.obj
         build\x64\Release\vector.obj
         build\x64\Release\wavefront.obj
         build\x64\Release\logger.obj
         build\x64\Release\sky.obj
         build\x64\Release\steamStatsAndAchievements.obj
         build\x64\Release\water.obj
         build\x64\Release\world.obj
         build\x64\Release\audio.obj
         build\x64\Release\enums.obj
         build\x64\Release\game.obj
         build\x64\Release\game_query.obj
         build\x64\Release\interface.obj
         build\x64\Release\multiplayer.obj
         build\x64\Release\team.obj
         build\x64\Release\unit.obj
         build\x64\Release\campaign.obj
         build\x64\Release\game_audio.obj
         build\x64\Release\game_command.obj
         build\x64\Release\game_specialeffects.obj
         build\x64\Release\game_render.obj
         build\x64\Release\game_unitselection.obj
         build\x64\Release\knowledgebase.obj
         build\x64\Release\projectileweapon.obj
         build\x64\Release\ramayana.obj
         build\x64\Release\settings.obj
         build\x64\Release\skirmish.obj
         build\x64\Release\stdafx.obj
         build\x64\Release\terrain.obj
         build\x64\Release\unittype.obj
         build\x64\Release\unit_query.obj
         Generating code
         Finished generating code
         Ramayana.vcxproj -> Z:\Personal\Works\Ramayana\Source\\Ramayana\win64\Ramayana.exe
     1>Done Building Project "Z:\Personal\Works\Ramayana\Source\Ramayana\Ramayana.vcxproj" (Build target(s)).

Build succeeded.

Time Elapsed 00:00:15.90
