z:\personal\works\ramayana\source\ramayana\build\win32\demo release\ramayana.demo.pch
z:\personal\works\ramayana\source\ramayana\build\win32\demo release\vc120.pdb
z:\personal\works\ramayana\source\ramayana\build\win32\demo release\stdafx.obj
z:\personal\works\ramayana\source\ramayana\build\win32\demo release\gltransform.obj
z:\personal\works\ramayana\source\ramayana\build\win32\demo release\glsupported.obj
z:\personal\works\ramayana\source\ramayana\build\win32\demo release\glprint.obj
z:\personal\works\ramayana\source\ramayana\build\win32\demo release\glpremitive.obj
z:\personal\works\ramayana\source\ramayana\build\win32\demo release\gleffects.obj
z:\personal\works\ramayana\source\ramayana\build\win32\demo release\frustum.obj
z:\personal\works\ramayana\source\ramayana\build\win32\demo release\framebuffer.obj
z:\personal\works\ramayana\source\ramayana\build\win32\demo release\exception.obj
z:\personal\works\ramayana\source\ramayana\build\win32\demo release\collada.obj
z:\personal\works\ramayana\source\ramayana\build\win32\demo release\game_unitselection.obj
z:\personal\works\ramayana\source\ramayana\build\win32\demo release\game_specialeffects.obj
z:\personal\works\ramayana\source\ramayana\build\win32\demo release\game_render.obj
z:\personal\works\ramayana\source\ramayana\build\win32\demo release\game_query.obj
z:\personal\works\ramayana\source\ramayana\build\win32\demo release\game_command.obj
z:\personal\works\ramayana\source\ramayana\build\win32\demo release\game_audio.obj
z:\personal\works\ramayana\source\ramayana\build\win32\demo release\game.obj
z:\personal\works\ramayana\source\ramayana\build\win32\demo release\enums.obj
z:\personal\works\ramayana\source\ramayana\build\win32\demo release\campaign.obj
z:\personal\works\ramayana\source\ramayana\build\win32\demo release\audio.obj
z:\personal\works\ramayana\source\ramayana\build\win32\demo release\ai.obj
z:\personal\works\ramayana\source\ramayana\build\win32\demo release\interface.obj
z:\personal\works\ramayana\source\ramayana\build\win32\demo release\wavefront.obj
z:\personal\works\ramayana\source\ramayana\build\win32\demo release\vector.obj
z:\personal\works\ramayana\source\ramayana\build\win32\demo release\texturesprite2d.obj
z:\personal\works\ramayana\source\ramayana\build\win32\demo release\texture3d.obj
z:\personal\works\ramayana\source\ramayana\build\win32\demo release\texture2d.obj
z:\personal\works\ramayana\source\ramayana\build\win32\demo release\surface.obj
z:\personal\works\ramayana\source\ramayana\build\win32\demo release\string.obj
z:\personal\works\ramayana\source\ramayana\build\win32\demo release\shader.obj
z:\personal\works\ramayana\source\ramayana\build\win32\demo release\safearray.obj
z:\personal\works\ramayana\source\ramayana\build\win32\demo release\random.obj
z:\personal\works\ramayana\source\ramayana\build\win32\demo release\projectile.obj
z:\personal\works\ramayana\source\ramayana\build\win32\demo release\point.obj
z:\personal\works\ramayana\source\ramayana\build\win32\demo release\pathfinding.obj
z:\personal\works\ramayana\source\ramayana\build\win32\demo release\particle.obj
z:\personal\works\ramayana\source\ramayana\build\win32\demo release\math.obj
z:\personal\works\ramayana\source\ramayana\build\win32\demo release\lock.obj
z:\personal\works\ramayana\source\ramayana\build\win32\demo release\line.obj
z:\personal\works\ramayana\source\ramayana\build\win32\demo release\io.obj
z:\personal\works\ramayana\source\ramayana\build\win32\demo release\graphics.obj
z:\personal\works\ramayana\source\ramayana\build\win32\demo release\world.obj
z:\personal\works\ramayana\source\ramayana\build\win32\demo release\water.obj
z:\personal\works\ramayana\source\ramayana\build\win32\demo release\unittype.obj
z:\personal\works\ramayana\source\ramayana\build\win32\demo release\unit_query.obj
z:\personal\works\ramayana\source\ramayana\build\win32\demo release\unit.obj
z:\personal\works\ramayana\source\ramayana\build\win32\demo release\terrain.obj
z:\personal\works\ramayana\source\ramayana\build\win32\demo release\team.obj
z:\personal\works\ramayana\source\ramayana\build\win32\demo release\steamstatsandachievements.obj
z:\personal\works\ramayana\source\ramayana\build\win32\demo release\sky.obj
z:\personal\works\ramayana\source\ramayana\build\win32\demo release\skirmish.obj
z:\personal\works\ramayana\source\ramayana\build\win32\demo release\settings.obj
z:\personal\works\ramayana\source\ramayana\build\win32\demo release\ramayana.obj
z:\personal\works\ramayana\source\ramayana\build\win32\demo release\projectileweapon.obj
z:\personal\works\ramayana\source\ramayana\build\win32\demo release\multiplayer.obj
z:\personal\works\ramayana\source\ramayana\build\win32\demo release\logger.obj
z:\personal\works\ramayana\source\ramayana\build\win32\demo release\knowledgebase.obj
z:\personal\works\ramayana\source\ramayana\win32\ramayana.demo.exe
z:\personal\works\ramayana\source\ramayana\win32\ramayana.demo.pdb
z:\personal\works\ramayana\source\ramayana\build\win32\demo release\ramayana.res
z:\personal\works\ramayana\source\\ramayana\win32\ramayana.demo.pdb
z:\personal\works\ramayana\source\\ramayana\win32\ramayana.demo.exe
z:\personal\works\ramayana\source\ramayana\build\win32\demo release\ramayana.tlog\cl.command.1.tlog
z:\personal\works\ramayana\source\ramayana\build\win32\demo release\ramayana.tlog\cl.read.1.tlog
z:\personal\works\ramayana\source\ramayana\build\win32\demo release\ramayana.tlog\cl.write.1.tlog
z:\personal\works\ramayana\source\ramayana\build\win32\demo release\ramayana.tlog\link.command.1.tlog
z:\personal\works\ramayana\source\ramayana\build\win32\demo release\ramayana.tlog\link.read.1.tlog
z:\personal\works\ramayana\source\ramayana\build\win32\demo release\ramayana.tlog\link.write.1.tlog
z:\personal\works\ramayana\source\ramayana\build\win32\demo release\ramayana.tlog\rc.command.1.tlog
z:\personal\works\ramayana\source\ramayana\build\win32\demo release\ramayana.tlog\rc.read.1.tlog
z:\personal\works\ramayana\source\ramayana\build\win32\demo release\ramayana.tlog\rc.write.1.tlog
