Build started 7/18/2015 5:02:01 PM.
     1>Project "Z:\Personal\Works\Ramayana\Source\Ramayana\Ramayana.vcxproj" on node 2 (Build target(s)).
     1>ClCompile:
         C:\Program Files (x86)\Microsoft Visual Studio 12.0\VC\bin\CL.exe /c /Zi /nologo /W1 /WX- /sdl /O2 /Oi /Oy- /GL /D WIN32 /D _WINDOWS /D _CRT_SECURE_NO_WARNINGS /D _DEMO /D _UNICODE /D UNICODE /Gm- /EHsc /MD /GS /Gy /fp:precise /Zc:wchar_t /Zc:forScope /Yc"stdafx.h" /Fp"build\Win32\Demo Release\Ramayana.Demo.pch" /Fo"build\Win32\Demo Release\\" /Fd"build\Win32\Demo Release\vc120.pdb" /Gd /TP /analyze- /errorReport:prompt stdafx.cpp
         stdafx.cpp
         C:\Program Files (x86)\Microsoft Visual Studio 12.0\VC\bin\CL.exe /c /Zi /nologo /W1 /WX- /sdl /O2 /Oi /Oy- /GL /D WIN32 /D _WINDOWS /D _CRT_SECURE_NO_WARNINGS /D _DEMO /D _UNICODE /D UNICODE /Gm- /EHsc /MD /GS /Gy /fp:precise /Zc:wchar_t /Zc:forScope /Yu"stdafx.h" /Fp"build\Win32\Demo Release\Ramayana.Demo.pch" /Fo"build\Win32\Demo Release\\" /Fd"build\Win32\Demo Release\vc120.pdb" /Gd /TP /analyze- /errorReport:prompt ai.cpp audio.cpp campaign.cpp enums.cpp game.cpp game_audio.cpp game_command.cpp game_query.cpp game_render.cpp game_specialeffects.cpp game_unitselection.cpp gltools\collada.cpp gltools\exception.cpp gltools\framebuffer.cpp gltools\frustum.cpp gltools\gleffects.cpp gltools\glpremitive.cpp gltools\glprint.cpp gltools\glsupported.cpp gltools\gltransform.cpp gltools\graphics.cpp gltools\io.cpp gltools\line.cpp gltools\lock.cpp gltools\math.cpp gltools\particle.cpp gltools\pathfinding.cpp gltools\point.cpp gltools\projectile.cpp gltools\random.cpp gltools\safearray.cpp gltools\shader.cpp gltools\string.cpp gltools\surface.cpp gltools\texture2d.cpp gltools\texture3d.cpp gltools\texturesprite2d.cpp gltools\vector.cpp gltools\wavefront.cpp interface.cpp knowledgebase.cpp logger.cpp multiplayer.cpp projectileweapon.cpp ramayana.cpp settings.cpp skirmish.cpp sky.cpp steamStatsAndAchievements.cpp team.cpp terrain.cpp unit.cpp unit_query.cpp unittype.cpp water.cpp world.cpp
         ai.cpp
         audio.cpp
         campaign.cpp
         enums.cpp
         game.cpp
         game_audio.cpp
         game_command.cpp
         game_query.cpp
         game_render.cpp
         game_specialeffects.cpp
         game_unitselection.cpp
         collada.cpp
         exception.cpp
         framebuffer.cpp
         frustum.cpp
         gleffects.cpp
         glpremitive.cpp
         glprint.cpp
         glsupported.cpp
         gltransform.cpp
         Compiling...
         graphics.cpp
         io.cpp
         line.cpp
         lock.cpp
         math.cpp
         particle.cpp
         pathfinding.cpp
         point.cpp
         projectile.cpp
         random.cpp
         safearray.cpp
         shader.cpp
         string.cpp
         surface.cpp
         texture2d.cpp
         texture3d.cpp
         texturesprite2d.cpp
         vector.cpp
         wavefront.cpp
         interface.cpp
         Compiling...
         knowledgebase.cpp
         logger.cpp
         multiplayer.cpp
         projectileweapon.cpp
         ramayana.cpp
         settings.cpp
         skirmish.cpp
         sky.cpp
         steamStatsAndAchievements.cpp
         team.cpp
         terrain.cpp
         unit.cpp
         unit_query.cpp
         unittype.cpp
         water.cpp
         world.cpp
       Link:
         C:\Program Files (x86)\Microsoft Visual Studio 12.0\VC\bin\link.exe /ERRORREPORT:PROMPT /OUT:"Z:\Personal\Works\Ramayana\Source\\Ramayana\win32\Ramayana.Demo.exe" /INCREMENTAL:NO /NOLOGO /LIBPATH:"lib\steamwork-sdk\redistributable_bin" /LIBPATH:"lib\openvr-master\lib\win32" /LIBPATH:lib\freeglut\lib\x86 /LIBPATH:"lib\opencv-2.4.9\x86\vc12\lib" /LIBPATH:"lib\SDL_mixer-1.2.12\lib\x86" /LIBPATH:"lib\SDL-1.2.15\lib\x86" /LIBPATH:"lib\glew-1.9.0\lib\x86" openvr_api.lib steam_api.lib glew32.lib SDL.lib SDLmain.lib SDL_mixer.lib opencv_calib3d249.lib opencv_contrib249.lib opencv_core249.lib opencv_features2d249.lib opencv_flann249.lib opencv_gpu249.lib opencv_highgui249.lib opencv_imgproc249.lib opencv_legacy249.lib opencv_ml249.lib opencv_nonfree249.lib opencv_objdetect249.lib opencv_ocl249.lib opencv_photo249.lib opencv_stitching249.lib opencv_superres249.lib opencv_ts249.lib opencv_video249.lib opencv_videostab249.lib kernel32.lib user32.lib gdi32.lib winspool.lib comdlg32.lib advapi32.lib shell32.lib ole32.lib oleaut32.lib uuid.lib odbc32.lib odbccp32.lib /MANIFEST /MANIFESTUAC:"level='asInvoker' uiAccess='false'" /manifest:embed /DEBUG /PDB:"Z:\Personal\Works\Ramayana\Source\\Ramayana\win32\Ramayana.Demo.pdb" /SUBSYSTEM:WINDOWS /OPT:REF /OPT:ICF /LTCG /TLBID:1 /DYNAMICBASE /NXCOMPAT /IMPLIB:"Z:\Personal\Works\Ramayana\Source\\Ramayana\win32\Ramayana.Demo.lib" /MACHINE:X86 /SAFESEH "build\Win32\Demo Release\Ramayana.res"
         "build\Win32\Demo Release\ai.obj"
         "build\Win32\Demo Release\collada.obj"
         "build\Win32\Demo Release\exception.obj"
         "build\Win32\Demo Release\io.obj"
         "build\Win32\Demo Release\framebuffer.obj"
         "build\Win32\Demo Release\frustum.obj"
         "build\Win32\Demo Release\gleffects.obj"
         "build\Win32\Demo Release\glpremitive.obj"
         "build\Win32\Demo Release\glprint.obj"
         "build\Win32\Demo Release\glsupported.obj"
         "build\Win32\Demo Release\gltransform.obj"
         "build\Win32\Demo Release\graphics.obj"
         "build\Win32\Demo Release\line.obj"
         "build\Win32\Demo Release\lock.obj"
         "build\Win32\Demo Release\math.obj"
         "build\Win32\Demo Release\particle.obj"
         "build\Win32\Demo Release\pathfinding.obj"
         "build\Win32\Demo Release\point.obj"
         "build\Win32\Demo Release\projectile.obj"
         "build\Win32\Demo Release\random.obj"
         "build\Win32\Demo Release\safearray.obj"
         "build\Win32\Demo Release\shader.obj"
         "build\Win32\Demo Release\string.obj"
         "build\Win32\Demo Release\surface.obj"
         "build\Win32\Demo Release\texture2d.obj"
         "build\Win32\Demo Release\texture3d.obj"
         "build\Win32\Demo Release\texturesprite2d.obj"
         "build\Win32\Demo Release\vector.obj"
         "build\Win32\Demo Release\wavefront.obj"
         "build\Win32\Demo Release\logger.obj"
         "build\Win32\Demo Release\sky.obj"
         "build\Win32\Demo Release\steamStatsAndAchievements.obj"
         "build\Win32\Demo Release\water.obj"
         "build\Win32\Demo Release\world.obj"
         "build\Win32\Demo Release\audio.obj"
         "build\Win32\Demo Release\enums.obj"
         "build\Win32\Demo Release\game.obj"
         "build\Win32\Demo Release\game_query.obj"
         "build\Win32\Demo Release\interface.obj"
         "build\Win32\Demo Release\multiplayer.obj"
         "build\Win32\Demo Release\team.obj"
         "build\Win32\Demo Release\unit.obj"
         "build\Win32\Demo Release\campaign.obj"
         "build\Win32\Demo Release\game_audio.obj"
         "build\Win32\Demo Release\game_command.obj"
         "build\Win32\Demo Release\game_specialeffects.obj"
         "build\Win32\Demo Release\game_render.obj"
         "build\Win32\Demo Release\game_unitselection.obj"
         "build\Win32\Demo Release\knowledgebase.obj"
         "build\Win32\Demo Release\projectileweapon.obj"
         "build\Win32\Demo Release\ramayana.obj"
         "build\Win32\Demo Release\settings.obj"
         "build\Win32\Demo Release\skirmish.obj"
         "build\Win32\Demo Release\stdafx.obj"
         "build\Win32\Demo Release\terrain.obj"
         "build\Win32\Demo Release\unittype.obj"
         "build\Win32\Demo Release\unit_query.obj"
         Generating code
         Finished generating code
         Ramayana.vcxproj -> Z:\Personal\Works\Ramayana\Source\\Ramayana\win32\Ramayana.Demo.exe
     1>Done Building Project "Z:\Personal\Works\Ramayana\Source\Ramayana\Ramayana.vcxproj" (Build target(s)).

Build succeeded.

Time Elapsed 00:00:35.50
